0 silly argv {
0 silly argv   _: [ 'run' ],
0 silly argv   scope: 'frontend',
0 silly argv   lernaVersion: '8.1.6',
0 silly argv   '$0': 'node_modules/.bin/lerna',
0 silly argv   script: 'serve'
0 silly argv }
1 notice cli v8.1.6
2 verbose packageConfigs Explicit "packages" configuration found in lerna.json. Resolving packages using the configured glob(s): ["packages/*"]
3 verbose rootPath /mnt/g/workspace/monorepo
4 error Failed to process project graph. Run "nx reset" to fix this. Please report the issue if you keep seeing it.
4 error   An error occurred while processing files for the nx/core/package-json plugin.
4 error     - packages/backend/package.json: CommaExpected in /mnt/g/workspace/monorepo/packages/backend/package.json at 7:5
4 error   [0m [90m  5 | [39m  "scripts": {[0m
4 error   [0m [90m  6 | [39m    "test": "echo \"Error: no test specified\" && exit 1"[0m
4 error   [0m[31m[1m>[22m[39m[90m  7 | [39m    "serve": "node index.js"[0m
4 error   [0m [90m    | [39m    [31m[1m^[22m[39m[31m[1m^[22m[39m[31m[1m^[22m[39m[31m[1m^[22m[39m[31m[1m^[22m[39m[31m[1m^[22m[39m[31m[1m^[22m[39m[0m
4 error   [0m [90m  8 | [39m  },[0m
4 error   [0m [90m  9 | [39m  "keywords": [],[0m
4 error   [0m [90m 10 | [39m  "author": "",[0m
4 error
4 error       Error: CommaExpected in /mnt/g/workspace/monorepo/packages/backend/package.json at 7:5
4 error       [0m [90m  5 | [39m  "scripts": {[0m
4 error       [0m [90m  6 | [39m    "test": "echo \"Error: no test specified\" && exit 1"[0m
4 error       [0m[31m[1m>[22m[39m[90m  7 | [39m    "serve": "node index.js"[0m
4 error       [0m [90m    | [39m    [31m[1m^[22m[39m[31m[1m^[22m[39m[31m[1m^[22m[39m[31m[1m^[22m[39m[31m[1m^[22m[39m[31m[1m^[22m[39m[31m[1m^[22m[39m[0m
4 error       [0m [90m  8 | [39m  },[0m
4 error       [0m [90m  9 | [39m  "keywords": [],[0m
4 error       [0m [90m 10 | [39m  "author": "",[0m
4 error
4 error           at parseJson (/mnt/g/workspace/monorepo/node_modules/nx/src/utils/json.js:29:15)
4 error           at readJsonFile (/mnt/g/workspace/monorepo/node_modules/nx/src/utils/fileutils.js:30:37)
4 error           at createNodeFromPackageJson (/mnt/g/workspace/monorepo/node_modules/nx/src/plugins/package-json/create-nodes.js:79:47)
4 error           at /mnt/g/workspace/monorepo/node_modules/nx/src/plugins/package-json/create-nodes.js:36:20
4 error           at /mnt/g/workspace/monorepo/node_modules/nx/src/project-graph/plugins/utils.js:47:33
4 error           at Array.map (<anonymous>)
4 error           at createNodesFromFiles (/mnt/g/workspace/monorepo/node_modules/nx/src/project-graph/plugins/utils.js:45:35)
4 error           at exports.createNodesV2 (/mnt/g/workspace/monorepo/node_modules/nx/src/plugins/package-json/create-nodes.js:30:51)
4 error           at LoadedNxPlugin.createNodes (/mnt/g/workspace/monorepo/node_modules/nx/src/project-graph/plugins/internal-api.js:34:65)
